NOTE: You have to manually do 'conda activate test_d_seg' before starting this script.
NOTE: Reading extra papermill parameters from fish_papermill_xparams.yaml
Sat Nov 26 13:34:57 CET 2022 INFO: Processing of /fish/current_folder/JJEXP20220320_EEL_SL010A_S1 starting. Dashboard port: 25399
Sat Nov 26 13:34:57 CET 2022 INFO: Command is papermill -k test_d_seg notebooks/Template_reprocess_pysmFISH_pipeline.ipynb /fish/current_folder/JJEXP20220320_EEL_SL010A_S1/notebooks/221126-full-run.ipynb -p experiment_fpath /fish/current_folder/JJEXP20220320_EEL_SL010A_S1 -p run_type new -p parsing_type no_parsing -p scheduler_port 36310 --start_timeout 6000 -p dashboard_port 25399 -f fish_papermill_xparams.yaml --log-output --stdout-file /fish/current_folder/JJEXP20220320_EEL_SL010A_S1/logs/221126_papermill.stdout --stderr-file /fish/current_folder/JJEXP20220320_EEL_SL010A_S1/logs/221126_papermill.stderr
/home/simone/mini/envs/test_d_seg/lib/python3.8/site-packages/papermill/iorw.py:50: FutureWarning: pyarrow.HadoopFileSystem is deprecated as of 2.0.0, please use pyarrow.fs.HadoopFileSystem instead.
  from pyarrow import HadoopFileSystem
Input Notebook:  notebooks/Template_reprocess_pysmFISH_pipeline.ipynb
Output Notebook: /fish/current_folder/JJEXP20220320_EEL_SL010A_S1/notebooks/221126-full-run.ipynb
Generating grammar tables from /home/simone/mini/envs/test_d_seg/lib/python3.8/site-packages/blib2to3/Grammar.txt
Writing grammar tables to /home/simone/.cache/black/21.7b0/Grammar3.8.5.final.0.pickle
Writing failed: [Errno 2] No such file or directory: '/home/simone/.cache/black/21.7b0/tmplnfyj1n6'
Generating grammar tables from /home/simone/mini/envs/test_d_seg/lib/python3.8/site-packages/blib2to3/PatternGrammar.txt
Writing grammar tables to /home/simone/.cache/black/21.7b0/PatternGrammar3.8.5.final.0.pickle
Writing failed: [Errno 2] No such file or directory: '/home/simone/.cache/black/21.7b0/tmpc6d7xcvs'
Kernel Provisioning: The 'local-provisioner' is not found.  This is likely due to the presence of multiple jupyter_client distributions and a previous distribution is being used as the source for entrypoints - which does not include 'local-provisioner'.  That distribution should be removed such that only the version-appropriate distribution remains (version >= 7).  Until then, a 'local-provisioner' entrypoint will be automatically constructed and used.
The candidate distribution locations are: ['/home/simone/mini/envs/test_d_seg/lib/python3.8/site-packages/jupyter_client-6.1.11.dist-info', '/home/simone/mini/envs/test_d_seg/lib/python3.8/site-packages/jupyter_client-7.0.5.dist-info']
Executing notebook with kernel: test_d_seg
Executing Cell 1---------------------------------------
Ending Cell 1------------------------------------------
Executing Cell 2---------------------------------------
/home/simone/mini/envs/test_d_seg/lib/python3.8/site-packages/dask_jobqueue/core.py:19: FutureWarning: format_bytes is deprecated and will be removed in a future release. Please use dask.utils.format_bytes instead.
  from distributed.utils import format_bytes, parse_bytes, tmpfile
/home/simone/mini/envs/test_d_seg/lib/python3.8/site-packages/dask_jobqueue/core.py:19: FutureWarning: parse_bytes is deprecated and will be removed in a future release. Please use dask.utils.parse_bytes instead.
  from distributed.utils import format_bytes, parse_bytes, tmpfile
/home/simone/mini/envs/test_d_seg/lib/python3.8/site-packages/dask_jobqueue/htcondor.py:6: FutureWarning: parse_bytes is deprecated and will be removed in a future release. Please use dask.utils.parse_bytes instead.
  from distributed.utils import parse_bytes

version cpu

Ending Cell 2------------------------------------------
Executing Cell 3---------------------------------------
Ending Cell 3------------------------------------------
Executing Cell 4---------------------------------------
Ending Cell 4------------------------------------------
Executing Cell 5---------------------------------------
Ending Cell 5------------------------------------------
Executing Cell 6---------------------------------------
no notes

Ending Cell 6------------------------------------------
Executing Cell 7---------------------------------------
Ending Cell 7------------------------------------------
Executing Cell 8---------------------------------------
distributed.worker - INFO - raw_data already exist

distributed.worker - INFO - original_robofish_logs already exist

distributed.worker - INFO - extra_processing_data already exist

distributed.worker - INFO - extra_files already exist

distributed.worker - INFO - pipeline_config already exist

distributed.worker - INFO - output_figures already exist

distributed.worker - INFO - probes already exist

distributed.worker - INFO - logs already exist

distributed.worker - INFO - results already exist

distributed.worker - INFO - microscope_tiles_coords already exist

distributed.worker - INFO - notebooks already exist

distributed.deploy.ssh - INFO - distributed.scheduler - INFO - -----------------------------------------------

distributed.deploy.ssh - INFO - distributed.scheduler - INFO - -----------------------------------------------

distributed.deploy.ssh - INFO - distributed.scheduler - INFO - Clear task state

distributed.deploy.ssh - INFO - distributed.scheduler - INFO -   Scheduler at:  tcp://193.10.16.58:36310

distributed.deploy.ssh - INFO - distributed.nanny - INFO -         Start Nanny at: 'tcp://192.168.0.33:39155'

distributed.deploy.ssh - INFO - distributed.nanny - INFO -         Start Nanny at: 'tcp://192.168.0.33:45985'

distributed.deploy.ssh - INFO - distributed.nanny - INFO -         Start Nanny at: 'tcp://192.168.0.33:38671'

distributed.deploy.ssh - INFO - distributed.nanny - INFO -         Start Nanny at: 'tcp://192.168.0.33:44049'

distributed.deploy.ssh - INFO - distributed.nanny - INFO -         Start Nanny at: 'tcp://192.168.0.33:45953'

distributed.deploy.ssh - INFO - distributed.nanny - INFO -         Start Nanny at: 'tcp://192.168.0.33:40369'

distributed.deploy.ssh - INFO - distributed.nanny - INFO -         Start Nanny at: 'tcp://192.168.0.33:40331'

distributed.deploy.ssh - INFO - distributed.nanny - INFO -         Start Nanny at: 'tcp://192.168.0.33:43347'

distributed.deploy.ssh - INFO - distributed.nanny - INFO -         Start Nanny at: 'tcp://192.168.0.33:37001'

distributed.deploy.ssh - INFO - distributed.nanny - INFO -         Start Nanny at: 'tcp://192.168.0.33:44995'

distributed.deploy.ssh - INFO - distributed.nanny - INFO -         Start Nanny at: 'tcp://192.168.0.33:37577'

distributed.deploy.ssh - INFO - distributed.nanny - INFO -         Start Nanny at: 'tcp://192.168.0.33:42217'

distributed.deploy.ssh - INFO - distributed.nanny - INFO -         Start Nanny at: 'tcp://192.168.0.33:42033'

distributed.deploy.ssh - INFO - distributed.nanny - INFO -         Start Nanny at: 'tcp://192.168.0.33:36579'

distributed.deploy.ssh - INFO - distributed.nanny - INFO -         Start Nanny at: 'tcp://192.168.0.33:34613'

distributed.deploy.ssh - INFO - distributed.nanny - INFO -         Start Nanny at: 'tcp://192.168.0.33:34359'

distributed.deploy.ssh - INFO - distributed.nanny - INFO -         Start Nanny at: 'tcp://192.168.0.33:35387'

distributed.deploy.ssh - INFO - distributed.nanny - INFO -         Start Nanny at: 'tcp://192.168.0.33:38967'

distributed.deploy.ssh - INFO - distributed.nanny - INFO -         Start Nanny at: 'tcp://192.168.0.33:34559'

distributed.deploy.ssh - INFO - distributed.nanny - INFO -         Start Nanny at: 'tcp://192.168.0.33:35895'

distributed.deploy.ssh - INFO - distributed.nanny - INFO -         Start Nanny at: 'tcp://192.168.0.33:44969'

distributed.deploy.ssh - INFO - distributed.nanny - INFO -         Start Nanny at: 'tcp://192.168.0.33:37579'

distributed.deploy.ssh - INFO - distributed.nanny - INFO -         Start Nanny at: 'tcp://192.168.0.33:34453'

distributed.deploy.ssh - INFO - distributed.nanny - INFO -         Start Nanny at: 'tcp://192.168.0.33:37273'

distributed.deploy.ssh - INFO - distributed.nanny - INFO -         Start Nanny at: 'tcp://192.168.0.33:39623'

distributed.deploy.ssh - INFO - distributed.nanny - INFO -         Start Nanny at: 'tcp://192.168.0.33:37843'

distributed.deploy.ssh - INFO - distributed.nanny - INFO -         Start Nanny at: 'tcp://192.168.0.33:43737'

distributed.deploy.ssh - INFO - distributed.nanny - INFO -         Start Nanny at: 'tcp://192.168.0.33:38107'

distributed.deploy.ssh - INFO - distributed.nanny - INFO -         Start Nanny at: 'tcp://192.168.0.33:44759'

distributed.deploy.ssh - INFO - distributed.nanny - INFO -         Start Nanny at: 'tcp://192.168.0.33:41399'

distributed.deploy.ssh - INFO - distributed.nanny - INFO -         Start Nanny at: 'tcp://192.168.0.33:33847'

distributed.deploy.ssh - INFO - distributed.nanny - INFO -         Start Nanny at: 'tcp://192.168.0.33:46863'

distributed.deploy.ssh - INFO - distributed.nanny - INFO -         Start Nanny at: 'tcp://192.168.0.33:35449'

distributed.deploy.ssh - INFO - distributed.nanny - INFO -         Start Nanny at: 'tcp://192.168.0.33:43053'

distributed.deploy.ssh - INFO - distributed.nanny - INFO -         Start Nanny at: 'tcp://192.168.0.33:36225'

distributed.deploy.ssh - INFO - distributed.nanny - INFO -         Start Nanny at: 'tcp://192.168.0.33:42525'

distributed.deploy.ssh - INFO - distributed.nanny - INFO -         Start Nanny at: 'tcp://192.168.0.33:41243'

distributed.deploy.ssh - INFO - distributed.nanny - INFO -         Start Nanny at: 'tcp://192.168.0.11:35245'

distributed.deploy.ssh - INFO - distributed.nanny - INFO -         Start Nanny at: 'tcp://192.168.0.33:40133'

distributed.deploy.ssh - INFO - distributed.nanny - INFO -         Start Nanny at: 'tcp://192.168.0.11:43769'

distributed.deploy.ssh - INFO - distributed.nanny - INFO -         Start Nanny at: 'tcp://192.168.0.33:42721'

distributed.deploy.ssh - INFO - distributed.nanny - INFO -         Start Nanny at: 'tcp://192.168.0.11:40193'

distributed.deploy.ssh - INFO - distributed.nanny - INFO -         Start Nanny at: 'tcp://192.168.0.11:45865'

distributed.deploy.ssh - INFO - distributed.nanny - INFO -         Start Nanny at: 'tcp://192.168.0.33:43119'

distributed.deploy.ssh - INFO - distributed.nanny - INFO -         Start Nanny at: 'tcp://192.168.0.11:32987'

distributed.deploy.ssh - INFO - distributed.nanny - INFO -         Start Nanny at: 'tcp://192.168.0.11:46401'

distributed.deploy.ssh - INFO - distributed.nanny - INFO -         Start Nanny at: 'tcp://192.168.0.11:35101'

distributed.deploy.ssh - INFO - distributed.nanny - INFO -         Start Nanny at: 'tcp://192.168.0.11:38655'

distributed.deploy.ssh - INFO - distributed.nanny - INFO -         Start Nanny at: 'tcp://192.168.0.11:45005'

distributed.deploy.ssh - INFO - distributed.nanny - INFO -         Start Nanny at: 'tcp://192.168.0.11:44139'

distributed.deploy.ssh - INFO - distributed.nanny - INFO -         Start Nanny at: 'tcp://192.168.0.11:45381'

distributed.deploy.ssh - INFO - distributed.nanny - INFO -         Start Nanny at: 'tcp://192.168.0.11:34959'

distributed.deploy.ssh - INFO - distributed.nanny - INFO -         Start Nanny at: 'tcp://192.168.0.11:45643'

distributed.deploy.ssh - INFO - distributed.nanny - INFO -         Start Nanny at: 'tcp://192.168.0.11:45211'

distributed.deploy.ssh - INFO - distributed.nanny - INFO -         Start Nanny at: 'tcp://192.168.0.10:39309'

distributed.deploy.ssh - INFO - distributed.nanny - INFO -         Start Nanny at: 'tcp://192.168.0.11:35847'

distributed.deploy.ssh - INFO - distributed.nanny - INFO -         Start Nanny at: 'tcp://192.168.0.11:43897'

distributed.deploy.ssh - INFO - distributed.nanny - INFO -         Start Nanny at: 'tcp://192.168.0.10:43773'

distributed.deploy.ssh - INFO - distributed.nanny - INFO -         Start Nanny at: 'tcp://192.168.0.11:33207'

distributed.deploy.ssh - INFO - distributed.nanny - INFO -         Start Nanny at: 'tcp://192.168.0.10:38795'

distributed.deploy.ssh - INFO - distributed.nanny - INFO -         Start Nanny at: 'tcp://192.168.0.11:37013'

distributed.deploy.ssh - INFO - distributed.nanny - INFO -         Start Nanny at: 'tcp://192.168.0.11:36733'

distributed.deploy.ssh - INFO - distributed.nanny - INFO -         Start Nanny at: 'tcp://192.168.0.11:40303'

distributed.deploy.ssh - INFO - distributed.nanny - INFO -         Start Nanny at: 'tcp://192.168.0.10:42425'

distributed.deploy.ssh - INFO - distributed.nanny - INFO -         Start Nanny at: 'tcp://192.168.0.10:36055'

distributed.deploy.ssh - INFO - distributed.nanny - INFO -         Start Nanny at: 'tcp://192.168.0.11:46647'

distributed.deploy.ssh - INFO - distributed.nanny - INFO -         Start Nanny at: 'tcp://192.168.0.10:38091'

distributed.deploy.ssh - INFO - distributed.nanny - INFO -         Start Nanny at: 'tcp://192.168.0.11:36435'

distributed.deploy.ssh - INFO - distributed.nanny - INFO -         Start Nanny at: 'tcp://192.168.0.10:44559'

distributed.deploy.ssh - INFO - distributed.nanny - INFO -         Start Nanny at: 'tcp://192.168.0.11:42943'

distributed.deploy.ssh - INFO - distributed.nanny - INFO -         Start Nanny at: 'tcp://192.168.0.10:40335'

distributed.deploy.ssh - INFO - distributed.nanny - INFO -         Start Nanny at: 'tcp://192.168.0.11:38385'

distributed.deploy.ssh - INFO - distributed.nanny - INFO -         Start Nanny at: 'tcp://192.168.0.10:40221'

distributed.deploy.ssh - INFO - distributed.nanny - INFO -         Start Nanny at: 'tcp://192.168.0.11:44727'

distributed.deploy.ssh - INFO - distributed.nanny - INFO -         Start Nanny at: 'tcp://192.168.0.10:46771'

distributed.deploy.ssh - INFO - distributed.nanny - INFO -         Start Nanny at: 'tcp://192.168.0.10:33943'

distributed.deploy.ssh - INFO - distributed.nanny - INFO -         Start Nanny at: 'tcp://192.168.0.10:36683'

distributed.deploy.ssh - INFO - distributed.nanny - INFO -         Start Nanny at: 'tcp://192.168.0.10:46775'

distributed.deploy.ssh - INFO - distributed.nanny - INFO -         Start Nanny at: 'tcp://192.168.0.10:45075'

distributed.deploy.ssh - INFO - distributed.nanny - INFO -         Start Nanny at: 'tcp://192.168.0.10:37349'

distributed.deploy.ssh - INFO - distributed.nanny - INFO -         Start Nanny at: 'tcp://192.168.0.11:37059'

distributed.deploy.ssh - INFO - distributed.nanny - INFO -         Start Nanny at: 'tcp://192.168.0.10:42881'

distributed.deploy.ssh - INFO - distributed.nanny - INFO -         Start Nanny at: 'tcp://192.168.0.10:40973'

distributed.deploy.ssh - INFO - distributed.nanny - INFO -         Start Nanny at: 'tcp://192.168.0.11:45777'

distributed.deploy.ssh - INFO - distributed.nanny - INFO -         Start Nanny at: 'tcp://192.168.0.11:43105'

distributed.deploy.ssh - INFO - distributed.nanny - INFO -         Start Nanny at: 'tcp://192.168.0.11:43237'

distributed.deploy.ssh - INFO - distributed.nanny - INFO -         Start Nanny at: 'tcp://192.168.0.11:38975'

distributed.deploy.ssh - INFO - distributed.nanny - INFO -         Start Nanny at: 'tcp://192.168.0.10:39513'

distributed.deploy.ssh - INFO - distributed.nanny - INFO -         Start Nanny at: 'tcp://192.168.0.10:46443'

distributed.deploy.ssh - INFO - distributed.nanny - INFO -         Start Nanny at: 'tcp://192.168.0.11:34709'

distributed.deploy.ssh - INFO - distributed.nanny - INFO -         Start Nanny at: 'tcp://192.168.0.10:43089'

distributed.deploy.ssh - INFO - distributed.nanny - INFO -         Start Nanny at: 'tcp://192.168.0.10:42193'

distributed.deploy.ssh - INFO - distributed.nanny - INFO -         Start Nanny at: 'tcp://192.168.0.11:46809'

distributed.deploy.ssh - INFO - distributed.nanny - INFO -         Start Nanny at: 'tcp://192.168.0.10:41719'

distributed.deploy.ssh - INFO - distributed.nanny - INFO -         Start Nanny at: 'tcp://192.168.0.11:44371'

distributed.deploy.ssh - INFO - distributed.nanny - INFO -         Start Nanny at: 'tcp://192.168.0.10:44569'

distributed.deploy.ssh - INFO - distributed.nanny - INFO -         Start Nanny at: 'tcp://192.168.0.11:41053'

distributed.deploy.ssh - INFO - distributed.nanny - INFO -         Start Nanny at: 'tcp://192.168.0.11:45809'

distributed.deploy.ssh - INFO - distributed.nanny - INFO -         Start Nanny at: 'tcp://192.168.0.10:44169'

distributed.deploy.ssh - INFO - distributed.nanny - INFO -         Start Nanny at: 'tcp://192.168.0.11:42015'

distributed.deploy.ssh - INFO - distributed.nanny - INFO -         Start Nanny at: 'tcp://192.168.0.11:35529'

distributed.deploy.ssh - INFO - distributed.nanny - INFO -         Start Nanny at: 'tcp://192.168.0.10:41161'

distributed.deploy.ssh - INFO - distributed.nanny - INFO -         Start Nanny at: 'tcp://192.168.0.10:35149'

distributed.deploy.ssh - INFO - distributed.nanny - INFO -         Start Nanny at: 'tcp://192.168.0.11:42573'

distributed.deploy.ssh - INFO - distributed.nanny - INFO -         Start Nanny at: 'tcp://192.168.0.10:44249'

distributed.deploy.ssh - INFO - distributed.nanny - INFO -         Start Nanny at: 'tcp://192.168.0.11:34251'

distributed.deploy.ssh - INFO - distributed.nanny - INFO -         Start Nanny at: 'tcp://192.168.0.10:37247'

distributed.deploy.ssh - INFO - distributed.nanny - INFO -         Start Nanny at: 'tcp://192.168.0.11:45519'

distributed.deploy.ssh - INFO - distributed.nanny - INFO -         Start Nanny at: 'tcp://192.168.0.10:37559'

distributed.deploy.ssh - INFO - distributed.nanny - INFO -         Start Nanny at: 'tcp://192.168.0.10:36989'

distributed.deploy.ssh - INFO - distributed.nanny - INFO -         Start Nanny at: 'tcp://192.168.0.10:41929'

distributed.deploy.ssh - INFO - distributed.nanny - INFO -         Start Nanny at: 'tcp://192.168.0.10:46653'

distributed.deploy.ssh - INFO - distributed.nanny - INFO -         Start Nanny at: 'tcp://192.168.0.10:38587'

distributed.deploy.ssh - INFO - distributed.nanny - INFO -         Start Nanny at: 'tcp://192.168.0.10:34945'

distributed.deploy.ssh - INFO - distributed.nanny - INFO -         Start Nanny at: 'tcp://192.168.0.10:40311'

distributed.deploy.ssh - INFO - distributed.nanny - INFO -         Start Nanny at: 'tcp://192.168.0.10:39277'

distributed.deploy.ssh - INFO - distributed.nanny - INFO -         Start Nanny at: 'tcp://192.168.0.10:44807'

distributed.deploy.ssh - INFO - distributed.nanny - INFO -         Start Nanny at: 'tcp://192.168.0.10:41693'

distributed.deploy.ssh - INFO - distributed.nanny - INFO -         Start Nanny at: 'tcp://192.168.0.10:38275'

distributed.deploy.ssh - INFO - distributed.nanny - INFO -         Start Nanny at: 'tcp://192.168.0.10:39389'

distributed.deploy.ssh - INFO - distributed.nanny - INFO -         Start Nanny at: 'tcp://192.168.0.12:44459'

distributed.deploy.ssh - INFO - distributed.nanny - INFO -         Start Nanny at: 'tcp://192.168.0.12:45313'

distributed.deploy.ssh - INFO - distributed.nanny - INFO -         Start Nanny at: 'tcp://192.168.0.12:44729'

distributed.deploy.ssh - INFO - distributed.nanny - INFO -         Start Nanny at: 'tcp://192.168.0.12:45135'

distributed.deploy.ssh - INFO - distributed.nanny - INFO -         Start Nanny at: 'tcp://192.168.0.12:44831'

distributed.deploy.ssh - INFO - distributed.nanny - INFO -         Start Nanny at: 'tcp://192.168.0.12:34413'

distributed.deploy.ssh - INFO - distributed.nanny - INFO -         Start Nanny at: 'tcp://192.168.0.12:36153'

distributed.deploy.ssh - INFO - distributed.nanny - INFO -         Start Nanny at: 'tcp://192.168.0.12:38339'

distributed.deploy.ssh - INFO - distributed.nanny - INFO -         Start Nanny at: 'tcp://192.168.0.12:40759'

distributed.deploy.ssh - INFO - distributed.nanny - INFO -         Start Nanny at: 'tcp://192.168.0.12:44675'

distributed.deploy.ssh - INFO - distributed.nanny - INFO -         Start Nanny at: 'tcp://192.168.0.12:42337'

distributed.deploy.ssh - INFO - distributed.nanny - INFO -         Start Nanny at: 'tcp://192.168.0.12:39361'

distributed.deploy.ssh - INFO - distributed.nanny - INFO -         Start Nanny at: 'tcp://192.168.0.12:33205'

distributed.deploy.ssh - INFO - distributed.nanny - INFO -         Start Nanny at: 'tcp://192.168.0.12:43909'

distributed.deploy.ssh - INFO - distributed.nanny - INFO -         Start Nanny at: 'tcp://192.168.0.12:35535'

distributed.deploy.ssh - INFO - distributed.nanny - INFO -         Start Nanny at: 'tcp://192.168.0.12:46621'

distributed.deploy.ssh - INFO - distributed.nanny - INFO -         Start Nanny at: 'tcp://192.168.0.12:38997'

distributed.deploy.ssh - INFO - distributed.nanny - INFO -         Start Nanny at: 'tcp://192.168.0.12:46299'

distributed.deploy.ssh - INFO - distributed.nanny - INFO -         Start Nanny at: 'tcp://192.168.0.12:44291'

distributed.deploy.ssh - INFO - distributed.nanny - INFO -         Start Nanny at: 'tcp://192.168.0.12:37153'

distributed.deploy.ssh - INFO - distributed.nanny - INFO -         Start Nanny at: 'tcp://192.168.0.12:37631'

distributed.deploy.ssh - INFO - distributed.nanny - INFO -         Start Nanny at: 'tcp://192.168.0.12:34879'

distributed.deploy.ssh - INFO - distributed.nanny - INFO -         Start Nanny at: 'tcp://192.168.0.12:45659'

distributed.deploy.ssh - INFO - distributed.nanny - INFO -         Start Nanny at: 'tcp://192.168.0.12:34129'

distributed.deploy.ssh - INFO - distributed.nanny - INFO -         Start Nanny at: 'tcp://192.168.0.12:46227'

distributed.deploy.ssh - INFO - distributed.nanny - INFO -         Start Nanny at: 'tcp://192.168.0.12:37691'

distributed.deploy.ssh - INFO - distributed.nanny - INFO -         Start Nanny at: 'tcp://192.168.0.12:46285'

distributed.deploy.ssh - INFO - distributed.nanny - INFO -         Start Nanny at: 'tcp://192.168.0.12:44073'

distributed.deploy.ssh - INFO - distributed.nanny - INFO -         Start Nanny at: 'tcp://192.168.0.12:39943'

distributed.deploy.ssh - INFO - distributed.nanny - INFO -         Start Nanny at: 'tcp://192.168.0.12:45509'

distributed.deploy.ssh - INFO - distributed.nanny - INFO -         Start Nanny at: 'tcp://192.168.0.12:39853'

distributed.deploy.ssh - INFO - distributed.nanny - INFO -         Start Nanny at: 'tcp://192.168.0.12:40761'

distributed.deploy.ssh - INFO - distributed.nanny - INFO -         Start Nanny at: 'tcp://192.168.0.12:33111'

distributed.deploy.ssh - INFO - distributed.nanny - INFO -         Start Nanny at: 'tcp://192.168.0.12:38623'

distributed.deploy.ssh - INFO - distributed.nanny - INFO -         Start Nanny at: 'tcp://192.168.0.12:33719'

distributed.deploy.ssh - INFO - distributed.nanny - INFO -         Start Nanny at: 'tcp://192.168.0.12:35415'

distributed.deploy.ssh - INFO - distributed.nanny - INFO -         Start Nanny at: 'tcp://192.168.0.12:38783'

distributed.deploy.ssh - INFO - distributed.nanny - INFO -         Start Nanny at: 'tcp://192.168.0.12:36097'

distributed.deploy.ssh - INFO - distributed.nanny - INFO -         Start Nanny at: 'tcp://192.168.0.12:39765'

distributed.deploy.ssh - INFO - distributed.nanny - INFO -         Start Nanny at: 'tcp://192.168.0.12:34041'

distributed.deploy.ssh - INFO - distributed.worker - INFO -       Start worker at:   tcp://192.168.0.11:36437

distributed.deploy.ssh - INFO - distributed.worker - INFO -       Start worker at:   tcp://192.168.0.10:40999

distributed.deploy.ssh - INFO - distributed.worker - INFO -       Start worker at:   tcp://192.168.0.12:43401

distributed.deploy.ssh - INFO - distributed.worker - INFO -       Start worker at:   tcp://192.168.0.33:36703

distributed.worker - INFO - cluster properties: htcondor_cluster_setup {'processing_engine': 'unmanaged_cluster', 'cores': 20, 'memory': '6GB', 'disk': '0.1GB', 'local_directory': '/tmp', 'logs_directory': '/fish/current_folder/JJEXP20220320_EEL_SL010A_S1/logs', 'adaptive': True, 'maximum_jobs': 15, 'scheduler_port': 36310, 'dashboard_port': 25399, 'scheduler_address': 'localhost', 'workers_addresses_list': ['monod10', 'monod11', 'monod12', 'monod33'], 'nprocs': 40, 'nthreads': 1} 

distributed.worker - INFO - Started unmanaged cluster

distributed.worker - INFO - selected functions for eel-human-GBM

distributed.worker - INFO - loaded ROBOFISH2_dark_img dark image

Kernel died while waiting for execute reply.
Ending Cell 8------------------------------------------
Traceback (most recent call last):
  File "/home/simone/mini/envs/test_d_seg/lib/python3.8/site-packages/nbclient/client.py", line 846, in async_execute_cell
    exec_reply = await self.task_poll_for_reply
asyncio.exceptions.CancelledError

During handling of the above exception, another exception occurred:

Traceback (most recent call last):
  File "/home/simone/mini/envs/test_d_seg/lib/python3.8/site-packages/papermill/cli.py", line 250, in papermill
    execute_notebook(
  File "/home/simone/mini/envs/test_d_seg/lib/python3.8/site-packages/papermill/execute.py", line 107, in execute_notebook
    nb = papermill_engines.execute_notebook_with_engine(
  File "/home/simone/mini/envs/test_d_seg/lib/python3.8/site-packages/papermill/engines.py", line 49, in execute_notebook_with_engine
    return self.get_engine(engine_name).execute_notebook(nb, kernel_name, **kwargs)
  File "/home/simone/mini/envs/test_d_seg/lib/python3.8/site-packages/papermill/engines.py", line 343, in execute_notebook
    cls.execute_managed_notebook(nb_man, kernel_name, log_output=log_output, **kwargs)
  File "/home/simone/mini/envs/test_d_seg/lib/python3.8/site-packages/papermill/engines.py", line 402, in execute_managed_notebook
    return PapermillNotebookClient(nb_man, **final_kwargs).execute()
  File "/home/simone/mini/envs/test_d_seg/lib/python3.8/site-packages/papermill/clientwrap.py", line 45, in execute
    self.papermill_execute_cells()
  File "/home/simone/mini/envs/test_d_seg/lib/python3.8/site-packages/papermill/clientwrap.py", line 72, in papermill_execute_cells
    self.execute_cell(cell, index)
  File "/home/simone/mini/envs/test_d_seg/lib/python3.8/site-packages/nbclient/util.py", line 78, in wrapped
    return just_run(coro(*args, **kwargs))
  File "/home/simone/mini/envs/test_d_seg/lib/python3.8/site-packages/nbclient/util.py", line 57, in just_run
    return loop.run_until_complete(coro)
  File "/home/simone/mini/envs/test_d_seg/lib/python3.8/asyncio/base_events.py", line 616, in run_until_complete
    return future.result()
  File "/home/simone/mini/envs/test_d_seg/lib/python3.8/site-packages/nbclient/client.py", line 850, in async_execute_cell
    raise DeadKernelError("Kernel died")
nbclient.exceptions.DeadKernelError: Kernel died
