NOTE: You have to manually do 'conda activate test_d_seg' before starting this script.
NOTE: Reading extra papermill parameters from fish_papermill_xparams.yaml
Sat Nov 26 14:24:01 CET 2022 INFO: Processing of /fish/current_folder/JJEXP20220320_EEL_SL010A_S1 starting. Dashboard port: 25399
Sat Nov 26 14:24:01 CET 2022 INFO: Command is papermill -k test_d_seg notebooks/Template_reprocess_pysmFISH_pipeline.ipynb /fish/current_folder/JJEXP20220320_EEL_SL010A_S1/notebooks/221126-full-run.ipynb -p experiment_fpath /fish/current_folder/JJEXP20220320_EEL_SL010A_S1 -p run_type new -p parsing_type no_parsing -p scheduler_port 36314 --start_timeout 6000 -p dashboard_port 25399 -f fish_papermill_xparams.yaml --log-output --stdout-file /fish/current_folder/JJEXP20220320_EEL_SL010A_S1/logs/221126_papermill.stdout --stderr-file /fish/current_folder/JJEXP20220320_EEL_SL010A_S1/logs/221126_papermill.stderr
/home/simone/mini/envs/test_d_seg/lib/python3.8/site-packages/papermill/iorw.py:50: FutureWarning: pyarrow.HadoopFileSystem is deprecated as of 2.0.0, please use pyarrow.fs.HadoopFileSystem instead.
  from pyarrow import HadoopFileSystem
Input Notebook:  notebooks/Template_reprocess_pysmFISH_pipeline.ipynb
Output Notebook: /fish/current_folder/JJEXP20220320_EEL_SL010A_S1/notebooks/221126-full-run.ipynb
Generating grammar tables from /home/simone/mini/envs/test_d_seg/lib/python3.8/site-packages/blib2to3/Grammar.txt
Writing grammar tables to /home/simone/.cache/black/21.7b0/Grammar3.8.5.final.0.pickle
Writing failed: [Errno 2] No such file or directory: '/home/simone/.cache/black/21.7b0/tmpoikdt_f0'
Generating grammar tables from /home/simone/mini/envs/test_d_seg/lib/python3.8/site-packages/blib2to3/PatternGrammar.txt
Writing grammar tables to /home/simone/.cache/black/21.7b0/PatternGrammar3.8.5.final.0.pickle
Writing failed: [Errno 2] No such file or directory: '/home/simone/.cache/black/21.7b0/tmp_a414z00'
Kernel Provisioning: The 'local-provisioner' is not found.  This is likely due to the presence of multiple jupyter_client distributions and a previous distribution is being used as the source for entrypoints - which does not include 'local-provisioner'.  That distribution should be removed such that only the version-appropriate distribution remains (version >= 7).  Until then, a 'local-provisioner' entrypoint will be automatically constructed and used.
The candidate distribution locations are: ['/home/simone/mini/envs/test_d_seg/lib/python3.8/site-packages/jupyter_client-6.1.11.dist-info', '/home/simone/mini/envs/test_d_seg/lib/python3.8/site-packages/jupyter_client-7.0.5.dist-info']
Executing notebook with kernel: test_d_seg
Executing Cell 1---------------------------------------
Ending Cell 1------------------------------------------
Executing Cell 2---------------------------------------
/home/simone/mini/envs/test_d_seg/lib/python3.8/site-packages/dask_jobqueue/core.py:19: FutureWarning: format_bytes is deprecated and will be removed in a future release. Please use dask.utils.format_bytes instead.
  from distributed.utils import format_bytes, parse_bytes, tmpfile
/home/simone/mini/envs/test_d_seg/lib/python3.8/site-packages/dask_jobqueue/core.py:19: FutureWarning: parse_bytes is deprecated and will be removed in a future release. Please use dask.utils.parse_bytes instead.
  from distributed.utils import format_bytes, parse_bytes, tmpfile
/home/simone/mini/envs/test_d_seg/lib/python3.8/site-packages/dask_jobqueue/htcondor.py:6: FutureWarning: parse_bytes is deprecated and will be removed in a future release. Please use dask.utils.parse_bytes instead.
  from distributed.utils import parse_bytes

version cpu

Ending Cell 2------------------------------------------
Executing Cell 3---------------------------------------
Ending Cell 3------------------------------------------
Executing Cell 4---------------------------------------
Ending Cell 4------------------------------------------
Executing Cell 5---------------------------------------
Ending Cell 5------------------------------------------
Executing Cell 6---------------------------------------
no notes

Ending Cell 6------------------------------------------
Executing Cell 7---------------------------------------
Ending Cell 7------------------------------------------
Executing Cell 8---------------------------------------
distributed.worker - INFO - raw_data already exist

distributed.worker - INFO - original_robofish_logs already exist

distributed.worker - INFO - extra_processing_data already exist

distributed.worker - INFO - extra_files already exist

distributed.worker - INFO - pipeline_config already exist

distributed.worker - INFO - output_figures already exist

distributed.worker - INFO - probes already exist

distributed.worker - INFO - logs already exist

distributed.worker - INFO - results already exist

distributed.worker - INFO - microscope_tiles_coords already exist

distributed.worker - INFO - notebooks already exist

distributed.deploy.ssh - INFO - distributed.scheduler - INFO - -----------------------------------------------

distributed.deploy.ssh - INFO - distributed.scheduler - INFO - -----------------------------------------------

distributed.deploy.ssh - INFO - distributed.scheduler - INFO - Clear task state

distributed.deploy.ssh - INFO - distributed.scheduler - INFO -   Scheduler at:  tcp://193.10.16.58:36314

distributed.deploy.ssh - INFO - distributed.nanny - INFO -         Start Nanny at: 'tcp://192.168.0.11:42327'

distributed.deploy.ssh - INFO - distributed.nanny - INFO -         Start Nanny at: 'tcp://192.168.0.11:37737'

distributed.deploy.ssh - INFO - distributed.nanny - INFO -         Start Nanny at: 'tcp://192.168.0.11:43957'

distributed.deploy.ssh - INFO - distributed.nanny - INFO -         Start Nanny at: 'tcp://192.168.0.11:33311'

distributed.deploy.ssh - INFO - distributed.nanny - INFO -         Start Nanny at: 'tcp://192.168.0.11:40717'

distributed.deploy.ssh - INFO - distributed.nanny - INFO -         Start Nanny at: 'tcp://192.168.0.11:33899'

distributed.deploy.ssh - INFO - distributed.nanny - INFO -         Start Nanny at: 'tcp://192.168.0.11:44281'

distributed.deploy.ssh - INFO - distributed.nanny - INFO -         Start Nanny at: 'tcp://192.168.0.11:39585'

distributed.deploy.ssh - INFO - distributed.nanny - INFO -         Start Nanny at: 'tcp://192.168.0.11:35955'

distributed.deploy.ssh - INFO - distributed.nanny - INFO -         Start Nanny at: 'tcp://192.168.0.11:42689'

distributed.deploy.ssh - INFO - distributed.nanny - INFO -         Start Nanny at: 'tcp://192.168.0.11:40547'

distributed.deploy.ssh - INFO - distributed.nanny - INFO -         Start Nanny at: 'tcp://192.168.0.11:38137'

distributed.deploy.ssh - INFO - distributed.nanny - INFO -         Start Nanny at: 'tcp://192.168.0.11:41333'

distributed.deploy.ssh - INFO - distributed.nanny - INFO -         Start Nanny at: 'tcp://192.168.0.10:40107'

distributed.deploy.ssh - INFO - distributed.nanny - INFO -         Start Nanny at: 'tcp://192.168.0.12:45419'

distributed.deploy.ssh - INFO - distributed.nanny - INFO -         Start Nanny at: 'tcp://192.168.0.11:46471'

distributed.deploy.ssh - INFO - distributed.nanny - INFO -         Start Nanny at: 'tcp://192.168.0.10:42351'

distributed.deploy.ssh - INFO - distributed.nanny - INFO -         Start Nanny at: 'tcp://192.168.0.11:34423'

distributed.deploy.ssh - INFO - distributed.nanny - INFO -         Start Nanny at: 'tcp://192.168.0.12:36207'

distributed.deploy.ssh - INFO - distributed.nanny - INFO -         Start Nanny at: 'tcp://192.168.0.10:45905'

distributed.deploy.ssh - INFO - distributed.nanny - INFO -         Start Nanny at: 'tcp://192.168.0.12:41319'

distributed.deploy.ssh - INFO - distributed.nanny - INFO -         Start Nanny at: 'tcp://192.168.0.11:36679'

distributed.deploy.ssh - INFO - distributed.nanny - INFO -         Start Nanny at: 'tcp://192.168.0.11:42503'

distributed.deploy.ssh - INFO - distributed.nanny - INFO -         Start Nanny at: 'tcp://192.168.0.10:37491'

distributed.deploy.ssh - INFO - distributed.nanny - INFO -         Start Nanny at: 'tcp://192.168.0.11:46015'

distributed.deploy.ssh - INFO - distributed.nanny - INFO -         Start Nanny at: 'tcp://192.168.0.10:36281'

distributed.deploy.ssh - INFO - distributed.nanny - INFO -         Start Nanny at: 'tcp://192.168.0.12:45211'

distributed.deploy.ssh - INFO - distributed.nanny - INFO -         Start Nanny at: 'tcp://192.168.0.12:37417'

distributed.deploy.ssh - INFO - distributed.nanny - INFO -         Start Nanny at: 'tcp://192.168.0.10:40109'

distributed.deploy.ssh - INFO - distributed.nanny - INFO -         Start Nanny at: 'tcp://192.168.0.11:36663'

distributed.deploy.ssh - INFO - distributed.nanny - INFO -         Start Nanny at: 'tcp://192.168.0.11:44173'

distributed.deploy.ssh - INFO - distributed.nanny - INFO -         Start Nanny at: 'tcp://192.168.0.12:33349'

distributed.deploy.ssh - INFO - distributed.nanny - INFO -         Start Nanny at: 'tcp://192.168.0.10:46829'

distributed.deploy.ssh - INFO - distributed.nanny - INFO -         Start Nanny at: 'tcp://192.168.0.11:37851'

distributed.deploy.ssh - INFO - distributed.nanny - INFO -         Start Nanny at: 'tcp://192.168.0.12:37891'

distributed.deploy.ssh - INFO - distributed.nanny - INFO -         Start Nanny at: 'tcp://192.168.0.10:43225'

distributed.deploy.ssh - INFO - distributed.nanny - INFO -         Start Nanny at: 'tcp://192.168.0.12:41181'

distributed.deploy.ssh - INFO - distributed.nanny - INFO -         Start Nanny at: 'tcp://192.168.0.11:38539'

distributed.deploy.ssh - INFO - distributed.nanny - INFO -         Start Nanny at: 'tcp://192.168.0.10:45807'

distributed.deploy.ssh - INFO - distributed.nanny - INFO -         Start Nanny at: 'tcp://192.168.0.12:42971'

distributed.deploy.ssh - INFO - distributed.nanny - INFO -         Start Nanny at: 'tcp://192.168.0.11:39395'

distributed.deploy.ssh - INFO - distributed.nanny - INFO -         Start Nanny at: 'tcp://192.168.0.10:34119'

distributed.deploy.ssh - INFO - distributed.nanny - INFO -         Start Nanny at: 'tcp://192.168.0.12:36901'

distributed.deploy.ssh - INFO - distributed.nanny - INFO -         Start Nanny at: 'tcp://192.168.0.11:44149'

distributed.deploy.ssh - INFO - distributed.nanny - INFO -         Start Nanny at: 'tcp://192.168.0.10:36953'

distributed.deploy.ssh - INFO - distributed.nanny - INFO -         Start Nanny at: 'tcp://192.168.0.12:35185'

distributed.deploy.ssh - INFO - distributed.nanny - INFO -         Start Nanny at: 'tcp://192.168.0.11:41215'

distributed.deploy.ssh - INFO - distributed.nanny - INFO -         Start Nanny at: 'tcp://192.168.0.10:40489'

distributed.deploy.ssh - INFO - distributed.nanny - INFO -         Start Nanny at: 'tcp://192.168.0.12:35099'

distributed.deploy.ssh - INFO - distributed.nanny - INFO -         Start Nanny at: 'tcp://192.168.0.12:33753'

distributed.deploy.ssh - INFO - distributed.nanny - INFO -         Start Nanny at: 'tcp://192.168.0.10:46317'

distributed.deploy.ssh - INFO - distributed.nanny - INFO -         Start Nanny at: 'tcp://192.168.0.10:40497'

distributed.deploy.ssh - INFO - distributed.nanny - INFO -         Start Nanny at: 'tcp://192.168.0.12:44527'

distributed.deploy.ssh - INFO - distributed.nanny - INFO -         Start Nanny at: 'tcp://192.168.0.10:38391'

distributed.deploy.ssh - INFO - distributed.nanny - INFO -         Start Nanny at: 'tcp://192.168.0.12:37827'

distributed.deploy.ssh - INFO - distributed.nanny - INFO -         Start Nanny at: 'tcp://192.168.0.11:36353'

distributed.deploy.ssh - INFO - distributed.nanny - INFO -         Start Nanny at: 'tcp://192.168.0.11:41973'

distributed.deploy.ssh - INFO - distributed.nanny - INFO -         Start Nanny at: 'tcp://192.168.0.10:32809'

distributed.deploy.ssh - INFO - distributed.nanny - INFO -         Start Nanny at: 'tcp://192.168.0.11:45935'

distributed.deploy.ssh - INFO - distributed.nanny - INFO -         Start Nanny at: 'tcp://192.168.0.12:35405'

distributed.deploy.ssh - INFO - distributed.nanny - INFO -         Start Nanny at: 'tcp://192.168.0.10:34273'

distributed.deploy.ssh - INFO - distributed.nanny - INFO -         Start Nanny at: 'tcp://192.168.0.11:41023'

distributed.deploy.ssh - INFO - distributed.nanny - INFO -         Start Nanny at: 'tcp://192.168.0.12:40479'

distributed.deploy.ssh - INFO - distributed.nanny - INFO -         Start Nanny at: 'tcp://192.168.0.10:35963'

distributed.deploy.ssh - INFO - distributed.nanny - INFO -         Start Nanny at: 'tcp://192.168.0.11:38491'

distributed.deploy.ssh - INFO - distributed.nanny - INFO -         Start Nanny at: 'tcp://192.168.0.12:38147'

distributed.deploy.ssh - INFO - distributed.nanny - INFO -         Start Nanny at: 'tcp://192.168.0.12:42491'

distributed.deploy.ssh - INFO - distributed.nanny - INFO -         Start Nanny at: 'tcp://192.168.0.10:46101'

distributed.deploy.ssh - INFO - distributed.nanny - INFO -         Start Nanny at: 'tcp://192.168.0.12:44245'

distributed.deploy.ssh - INFO - distributed.nanny - INFO -         Start Nanny at: 'tcp://192.168.0.10:45251'

distributed.deploy.ssh - INFO - distributed.nanny - INFO -         Start Nanny at: 'tcp://192.168.0.11:39401'

distributed.deploy.ssh - INFO - distributed.nanny - INFO -         Start Nanny at: 'tcp://192.168.0.12:42973'

distributed.deploy.ssh - INFO - distributed.nanny - INFO -         Start Nanny at: 'tcp://192.168.0.10:45937'

distributed.deploy.ssh - INFO - distributed.nanny - INFO -         Start Nanny at: 'tcp://192.168.0.12:43539'

distributed.deploy.ssh - INFO - distributed.nanny - INFO -         Start Nanny at: 'tcp://192.168.0.11:33919'

distributed.deploy.ssh - INFO - distributed.nanny - INFO -         Start Nanny at: 'tcp://192.168.0.11:35011'

distributed.deploy.ssh - INFO - distributed.nanny - INFO -         Start Nanny at: 'tcp://192.168.0.10:34027'

distributed.deploy.ssh - INFO - distributed.nanny - INFO -         Start Nanny at: 'tcp://192.168.0.10:42715'

distributed.deploy.ssh - INFO - distributed.nanny - INFO -         Start Nanny at: 'tcp://192.168.0.12:43193'

distributed.deploy.ssh - INFO - distributed.nanny - INFO -         Start Nanny at: 'tcp://192.168.0.11:43199'

distributed.deploy.ssh - INFO - distributed.nanny - INFO -         Start Nanny at: 'tcp://192.168.0.11:40461'

distributed.deploy.ssh - INFO - distributed.nanny - INFO -         Start Nanny at: 'tcp://192.168.0.10:38981'

distributed.deploy.ssh - INFO - distributed.nanny - INFO -         Start Nanny at: 'tcp://192.168.0.12:33707'

distributed.deploy.ssh - INFO - distributed.nanny - INFO -         Start Nanny at: 'tcp://192.168.0.12:33415'

distributed.deploy.ssh - INFO - distributed.nanny - INFO -         Start Nanny at: 'tcp://192.168.0.11:35401'

distributed.deploy.ssh - INFO - distributed.nanny - INFO -         Start Nanny at: 'tcp://192.168.0.11:38183'

distributed.deploy.ssh - INFO - distributed.nanny - INFO -         Start Nanny at: 'tcp://192.168.0.10:42063'

distributed.deploy.ssh - INFO - distributed.nanny - INFO -         Start Nanny at: 'tcp://192.168.0.11:39179'

distributed.deploy.ssh - INFO - distributed.nanny - INFO -         Start Nanny at: 'tcp://192.168.0.10:38339'

distributed.deploy.ssh - INFO - distributed.nanny - INFO -         Start Nanny at: 'tcp://192.168.0.10:38509'

distributed.deploy.ssh - INFO - distributed.nanny - INFO -         Start Nanny at: 'tcp://192.168.0.12:34413'

distributed.deploy.ssh - INFO - distributed.nanny - INFO -         Start Nanny at: 'tcp://192.168.0.12:44659'

distributed.deploy.ssh - INFO - distributed.nanny - INFO -         Start Nanny at: 'tcp://192.168.0.12:36869'

distributed.deploy.ssh - INFO - distributed.nanny - INFO -         Start Nanny at: 'tcp://192.168.0.11:41805'

distributed.deploy.ssh - INFO - distributed.nanny - INFO -         Start Nanny at: 'tcp://192.168.0.10:32899'

distributed.deploy.ssh - INFO - distributed.nanny - INFO -         Start Nanny at: 'tcp://192.168.0.12:37391'

distributed.deploy.ssh - INFO - distributed.nanny - INFO -         Start Nanny at: 'tcp://192.168.0.10:46697'

distributed.deploy.ssh - INFO - distributed.nanny - INFO -         Start Nanny at: 'tcp://192.168.0.11:36891'

distributed.deploy.ssh - INFO - distributed.nanny - INFO -         Start Nanny at: 'tcp://192.168.0.12:40095'

distributed.deploy.ssh - INFO - distributed.nanny - INFO -         Start Nanny at: 'tcp://192.168.0.10:46333'

distributed.deploy.ssh - INFO - distributed.nanny - INFO -         Start Nanny at: 'tcp://192.168.0.12:38985'

distributed.deploy.ssh - INFO - distributed.nanny - INFO -         Start Nanny at: 'tcp://192.168.0.10:46263'

distributed.deploy.ssh - INFO - distributed.nanny - INFO -         Start Nanny at: 'tcp://192.168.0.12:43815'

distributed.deploy.ssh - INFO - distributed.nanny - INFO -         Start Nanny at: 'tcp://192.168.0.10:40245'

distributed.deploy.ssh - INFO - distributed.nanny - INFO -         Start Nanny at: 'tcp://192.168.0.12:44011'

distributed.deploy.ssh - INFO - distributed.nanny - INFO -         Start Nanny at: 'tcp://192.168.0.10:39887'

distributed.deploy.ssh - INFO - distributed.nanny - INFO -         Start Nanny at: 'tcp://192.168.0.12:33677'

distributed.deploy.ssh - INFO - distributed.nanny - INFO -         Start Nanny at: 'tcp://192.168.0.10:45449'

distributed.deploy.ssh - INFO - distributed.nanny - INFO -         Start Nanny at: 'tcp://192.168.0.10:40099'

distributed.deploy.ssh - INFO - distributed.nanny - INFO -         Start Nanny at: 'tcp://192.168.0.12:33351'

distributed.deploy.ssh - INFO - distributed.nanny - INFO -         Start Nanny at: 'tcp://192.168.0.12:42903'

distributed.deploy.ssh - INFO - distributed.nanny - INFO -         Start Nanny at: 'tcp://192.168.0.10:39861'

distributed.deploy.ssh - INFO - distributed.nanny - INFO -         Start Nanny at: 'tcp://192.168.0.12:34287'

distributed.deploy.ssh - INFO - distributed.nanny - INFO -         Start Nanny at: 'tcp://192.168.0.10:41597'

distributed.deploy.ssh - INFO - distributed.nanny - INFO -         Start Nanny at: 'tcp://192.168.0.12:45881'

distributed.deploy.ssh - INFO - distributed.nanny - INFO -         Start Nanny at: 'tcp://192.168.0.10:35139'

distributed.deploy.ssh - INFO - distributed.nanny - INFO -         Start Nanny at: 'tcp://192.168.0.12:37625'

distributed.deploy.ssh - INFO - distributed.nanny - INFO -         Start Nanny at: 'tcp://192.168.0.10:34421'

distributed.deploy.ssh - INFO - distributed.nanny - INFO -         Start Nanny at: 'tcp://192.168.0.12:35845'

distributed.deploy.ssh - INFO - distributed.nanny - INFO -         Start Nanny at: 'tcp://192.168.0.10:41183'

distributed.deploy.ssh - INFO - distributed.nanny - INFO -         Start Nanny at: 'tcp://192.168.0.33:42069'

distributed.deploy.ssh - INFO - distributed.nanny - INFO -         Start Nanny at: 'tcp://192.168.0.33:35369'

distributed.deploy.ssh - INFO - distributed.nanny - INFO -         Start Nanny at: 'tcp://192.168.0.33:39331'

distributed.deploy.ssh - INFO - distributed.nanny - INFO -         Start Nanny at: 'tcp://192.168.0.33:43259'

distributed.deploy.ssh - INFO - distributed.nanny - INFO -         Start Nanny at: 'tcp://192.168.0.33:35647'

distributed.deploy.ssh - INFO - distributed.nanny - INFO -         Start Nanny at: 'tcp://192.168.0.33:39335'

distributed.deploy.ssh - INFO - distributed.nanny - INFO -         Start Nanny at: 'tcp://192.168.0.33:37799'

distributed.deploy.ssh - INFO - distributed.nanny - INFO -         Start Nanny at: 'tcp://192.168.0.33:39881'

distributed.deploy.ssh - INFO - distributed.nanny - INFO -         Start Nanny at: 'tcp://192.168.0.33:42217'

distributed.deploy.ssh - INFO - distributed.nanny - INFO -         Start Nanny at: 'tcp://192.168.0.33:33065'

distributed.deploy.ssh - INFO - distributed.nanny - INFO -         Start Nanny at: 'tcp://192.168.0.33:41711'

distributed.deploy.ssh - INFO - distributed.nanny - INFO -         Start Nanny at: 'tcp://192.168.0.33:41493'

distributed.deploy.ssh - INFO - distributed.nanny - INFO -         Start Nanny at: 'tcp://192.168.0.33:45091'

distributed.deploy.ssh - INFO - distributed.nanny - INFO -         Start Nanny at: 'tcp://192.168.0.33:33023'

distributed.deploy.ssh - INFO - distributed.nanny - INFO -         Start Nanny at: 'tcp://192.168.0.33:35911'

distributed.deploy.ssh - INFO - distributed.nanny - INFO -         Start Nanny at: 'tcp://192.168.0.33:45403'

distributed.deploy.ssh - INFO - distributed.nanny - INFO -         Start Nanny at: 'tcp://192.168.0.33:38565'

distributed.deploy.ssh - INFO - distributed.nanny - INFO -         Start Nanny at: 'tcp://192.168.0.33:45023'

distributed.deploy.ssh - INFO - distributed.nanny - INFO -         Start Nanny at: 'tcp://192.168.0.33:44865'

distributed.deploy.ssh - INFO - distributed.nanny - INFO -         Start Nanny at: 'tcp://192.168.0.33:33909'

distributed.deploy.ssh - INFO - distributed.nanny - INFO -         Start Nanny at: 'tcp://192.168.0.33:38931'

distributed.deploy.ssh - INFO - distributed.nanny - INFO -         Start Nanny at: 'tcp://192.168.0.33:37991'

distributed.deploy.ssh - INFO - distributed.nanny - INFO -         Start Nanny at: 'tcp://192.168.0.33:36849'

distributed.deploy.ssh - INFO - distributed.nanny - INFO -         Start Nanny at: 'tcp://192.168.0.33:41507'

distributed.deploy.ssh - INFO - distributed.nanny - INFO -         Start Nanny at: 'tcp://192.168.0.33:38039'

distributed.deploy.ssh - INFO - distributed.nanny - INFO -         Start Nanny at: 'tcp://192.168.0.33:35799'

distributed.deploy.ssh - INFO - distributed.nanny - INFO -         Start Nanny at: 'tcp://192.168.0.33:41137'

distributed.deploy.ssh - INFO - distributed.nanny - INFO -         Start Nanny at: 'tcp://192.168.0.33:45663'

distributed.deploy.ssh - INFO - distributed.nanny - INFO -         Start Nanny at: 'tcp://192.168.0.33:42671'

distributed.deploy.ssh - INFO - distributed.nanny - INFO -         Start Nanny at: 'tcp://192.168.0.33:43357'

distributed.deploy.ssh - INFO - distributed.nanny - INFO -         Start Nanny at: 'tcp://192.168.0.33:34767'

distributed.deploy.ssh - INFO - distributed.nanny - INFO -         Start Nanny at: 'tcp://192.168.0.33:39427'

distributed.deploy.ssh - INFO - distributed.nanny - INFO -         Start Nanny at: 'tcp://192.168.0.33:33821'

distributed.deploy.ssh - INFO - distributed.nanny - INFO -         Start Nanny at: 'tcp://192.168.0.33:35639'

distributed.deploy.ssh - INFO - distributed.nanny - INFO -         Start Nanny at: 'tcp://192.168.0.33:36245'

distributed.deploy.ssh - INFO - distributed.nanny - INFO -         Start Nanny at: 'tcp://192.168.0.33:36021'

distributed.deploy.ssh - INFO - distributed.nanny - INFO -         Start Nanny at: 'tcp://192.168.0.33:44863'

distributed.deploy.ssh - INFO - distributed.nanny - INFO -         Start Nanny at: 'tcp://192.168.0.33:43911'

distributed.deploy.ssh - INFO - distributed.nanny - INFO -         Start Nanny at: 'tcp://192.168.0.33:38329'

distributed.deploy.ssh - INFO - distributed.nanny - INFO -         Start Nanny at: 'tcp://192.168.0.33:35953'

distributed.deploy.ssh - INFO - distributed.worker - INFO -       Start worker at:   tcp://192.168.0.10:44427

distributed.deploy.ssh - INFO - distributed.worker - INFO -       Start worker at:   tcp://192.168.0.11:40929

distributed.deploy.ssh - INFO - distributed.worker - INFO -       Start worker at:   tcp://192.168.0.12:38535

distributed.deploy.ssh - INFO - distributed.worker - INFO -       Start worker at:   tcp://192.168.0.33:35077

distributed.worker - INFO - cluster properties: htcondor_cluster_setup {'processing_engine': 'unmanaged_cluster', 'cores': 20, 'memory': '6GB', 'disk': '0.1GB', 'local_directory': '/tmp', 'logs_directory': '/fish/current_folder/JJEXP20220320_EEL_SL010A_S1/logs', 'adaptive': True, 'maximum_jobs': 15, 'scheduler_port': 36314, 'dashboard_port': 25399, 'scheduler_address': 'localhost', 'workers_addresses_list': ['monod10', 'monod11', 'monod12', 'monod33'], 'nprocs': 40, 'nthreads': 1} 

distributed.worker - INFO - Started unmanaged cluster

distributed.worker - INFO - selected functions for eel-human-GBM

distributed.worker - INFO - loaded ROBOFISH2_dark_img dark image

Kernel died while waiting for execute reply.
Ending Cell 8------------------------------------------
Traceback (most recent call last):
  File "/home/simone/mini/envs/test_d_seg/lib/python3.8/site-packages/nbclient/client.py", line 846, in async_execute_cell
    exec_reply = await self.task_poll_for_reply
asyncio.exceptions.CancelledError

During handling of the above exception, another exception occurred:

Traceback (most recent call last):
  File "/home/simone/mini/envs/test_d_seg/lib/python3.8/site-packages/papermill/cli.py", line 250, in papermill
    execute_notebook(
  File "/home/simone/mini/envs/test_d_seg/lib/python3.8/site-packages/papermill/execute.py", line 107, in execute_notebook
    nb = papermill_engines.execute_notebook_with_engine(
  File "/home/simone/mini/envs/test_d_seg/lib/python3.8/site-packages/papermill/engines.py", line 49, in execute_notebook_with_engine
    return self.get_engine(engine_name).execute_notebook(nb, kernel_name, **kwargs)
  File "/home/simone/mini/envs/test_d_seg/lib/python3.8/site-packages/papermill/engines.py", line 343, in execute_notebook
    cls.execute_managed_notebook(nb_man, kernel_name, log_output=log_output, **kwargs)
  File "/home/simone/mini/envs/test_d_seg/lib/python3.8/site-packages/papermill/engines.py", line 402, in execute_managed_notebook
    return PapermillNotebookClient(nb_man, **final_kwargs).execute()
  File "/home/simone/mini/envs/test_d_seg/lib/python3.8/site-packages/papermill/clientwrap.py", line 45, in execute
    self.papermill_execute_cells()
  File "/home/simone/mini/envs/test_d_seg/lib/python3.8/site-packages/papermill/clientwrap.py", line 72, in papermill_execute_cells
    self.execute_cell(cell, index)
  File "/home/simone/mini/envs/test_d_seg/lib/python3.8/site-packages/nbclient/util.py", line 78, in wrapped
    return just_run(coro(*args, **kwargs))
  File "/home/simone/mini/envs/test_d_seg/lib/python3.8/site-packages/nbclient/util.py", line 57, in just_run
    return loop.run_until_complete(coro)
  File "/home/simone/mini/envs/test_d_seg/lib/python3.8/asyncio/base_events.py", line 616, in run_until_complete
    return future.result()
  File "/home/simone/mini/envs/test_d_seg/lib/python3.8/site-packages/nbclient/client.py", line 850, in async_execute_cell
    raise DeadKernelError("Kernel died")
nbclient.exceptions.DeadKernelError: Kernel died
