NOTE: You have to manually do 'conda activate test_d_seg' before starting this script.
NOTE: Reading extra papermill parameters from fish_papermill_xparams.yaml
Thu Dec  1 13:46:30 CET 2022 INFO: Processing of /date/sl/fish_rawdata/JJEXP20221004_EEL_SL040BE_S1 starting. Dashboard port: 25399
Thu Dec  1 13:46:30 CET 2022 INFO: Command is papermill -k test_d_seg notebooks/Template_reprocess_pysmFISH_pipeline.ipynb /date/sl/fish_rawdata/JJEXP20221004_EEL_SL040BE_S1/notebooks/221201-full-run.ipynb -p experiment_fpath /date/sl/fish_rawdata/JJEXP20221004_EEL_SL040BE_S1 -p run_type new -p parsing_type no_parsing -p scheduler_port 36352 --start_timeout 6000 -p dashboard_port 25399 -f fish_papermill_xparams.yaml --log-output --stdout-file /date/sl/fish_rawdata/JJEXP20221004_EEL_SL040BE_S1/logs/221201_papermill.stdout --stderr-file /date/sl/fish_rawdata/JJEXP20221004_EEL_SL040BE_S1/logs/221201_papermill.stderr
/home/simone/mini/envs/test_d_seg/lib/python3.8/site-packages/papermill/iorw.py:50: FutureWarning: pyarrow.HadoopFileSystem is deprecated as of 2.0.0, please use pyarrow.fs.HadoopFileSystem instead.
  from pyarrow import HadoopFileSystem
Input Notebook:  notebooks/Template_reprocess_pysmFISH_pipeline.ipynb
Output Notebook: /date/sl/fish_rawdata/JJEXP20221004_EEL_SL040BE_S1/notebooks/221201-full-run.ipynb
Generating grammar tables from /home/simone/mini/envs/test_d_seg/lib/python3.8/site-packages/blib2to3/Grammar.txt
Writing grammar tables to /home/simone/.cache/black/21.7b0/Grammar3.8.5.final.0.pickle
Writing failed: [Errno 2] No such file or directory: '/home/simone/.cache/black/21.7b0/tmpk1utqrpr'
Generating grammar tables from /home/simone/mini/envs/test_d_seg/lib/python3.8/site-packages/blib2to3/PatternGrammar.txt
Writing grammar tables to /home/simone/.cache/black/21.7b0/PatternGrammar3.8.5.final.0.pickle
Writing failed: [Errno 2] No such file or directory: '/home/simone/.cache/black/21.7b0/tmpd5bkn0ql'
Kernel Provisioning: The 'local-provisioner' is not found.  This is likely due to the presence of multiple jupyter_client distributions and a previous distribution is being used as the source for entrypoints - which does not include 'local-provisioner'.  That distribution should be removed such that only the version-appropriate distribution remains (version >= 7).  Until then, a 'local-provisioner' entrypoint will be automatically constructed and used.
The candidate distribution locations are: ['/home/simone/mini/envs/test_d_seg/lib/python3.8/site-packages/jupyter_client-6.1.11.dist-info', '/home/simone/mini/envs/test_d_seg/lib/python3.8/site-packages/jupyter_client-7.0.5.dist-info']
Executing notebook with kernel: test_d_seg
Executing Cell 1---------------------------------------
Ending Cell 1------------------------------------------
Executing Cell 2---------------------------------------
/home/simone/mini/envs/test_d_seg/lib/python3.8/site-packages/dask_jobqueue/core.py:19: FutureWarning: format_bytes is deprecated and will be removed in a future release. Please use dask.utils.format_bytes instead.
  from distributed.utils import format_bytes, parse_bytes, tmpfile
/home/simone/mini/envs/test_d_seg/lib/python3.8/site-packages/dask_jobqueue/core.py:19: FutureWarning: parse_bytes is deprecated and will be removed in a future release. Please use dask.utils.parse_bytes instead.
  from distributed.utils import format_bytes, parse_bytes, tmpfile
/home/simone/mini/envs/test_d_seg/lib/python3.8/site-packages/dask_jobqueue/htcondor.py:6: FutureWarning: parse_bytes is deprecated and will be removed in a future release. Please use dask.utils.parse_bytes instead.
  from distributed.utils import parse_bytes

version cpu

Ending Cell 2------------------------------------------
Executing Cell 3---------------------------------------
Ending Cell 3------------------------------------------
Executing Cell 4---------------------------------------
Ending Cell 4------------------------------------------
Executing Cell 5---------------------------------------
Ending Cell 5------------------------------------------
Executing Cell 6---------------------------------------
no notes

Ending Cell 6------------------------------------------
Executing Cell 7---------------------------------------
Ending Cell 7------------------------------------------
Executing Cell 8---------------------------------------
CPU times: user 10 µs, sys: 6 µs, total: 16 µs
Wall time: 30 µs

Ending Cell 8------------------------------------------
Executing Cell 9---------------------------------------
distributed.worker - INFO - raw_data already exist

distributed.worker - INFO - original_robofish_logs already exist

distributed.worker - INFO - extra_processing_data already exist

distributed.worker - INFO - extra_files already exist

distributed.worker - INFO - pipeline_config already exist

distributed.worker - INFO - output_figures already exist

distributed.worker - INFO - probes already exist

distributed.worker - INFO - logs already exist

distributed.worker - INFO - results already exist

distributed.worker - INFO - microscope_tiles_coords already exist

distributed.worker - INFO - notebooks already exist

distributed.deploy.ssh - INFO - distributed.scheduler - INFO - -----------------------------------------------

distributed.deploy.ssh - INFO - distributed.scheduler - INFO - -----------------------------------------------

distributed.deploy.ssh - INFO - distributed.scheduler - INFO - Clear task state

distributed.deploy.ssh - INFO - distributed.scheduler - INFO -   Scheduler at:  tcp://193.10.16.58:36352

distributed.deploy.ssh - INFO - distributed.nanny - INFO -         Start Nanny at: 'tcp://192.168.0.33:40783'

distributed.deploy.ssh - INFO - distributed.nanny - INFO -         Start Nanny at: 'tcp://192.168.0.33:34681'

distributed.deploy.ssh - INFO - distributed.nanny - INFO -         Start Nanny at: 'tcp://192.168.0.33:37787'

distributed.deploy.ssh - INFO - distributed.nanny - INFO -         Start Nanny at: 'tcp://192.168.0.33:37069'

distributed.deploy.ssh - INFO - distributed.nanny - INFO -         Start Nanny at: 'tcp://192.168.0.33:35515'

distributed.deploy.ssh - INFO - distributed.nanny - INFO -         Start Nanny at: 'tcp://192.168.0.33:36675'

distributed.deploy.ssh - INFO - distributed.nanny - INFO -         Start Nanny at: 'tcp://192.168.0.33:35583'

distributed.deploy.ssh - INFO - distributed.nanny - INFO -         Start Nanny at: 'tcp://192.168.0.33:41263'

distributed.deploy.ssh - INFO - distributed.nanny - INFO -         Start Nanny at: 'tcp://192.168.0.33:41547'

distributed.deploy.ssh - INFO - distributed.nanny - INFO -         Start Nanny at: 'tcp://192.168.0.33:43233'

distributed.deploy.ssh - INFO - distributed.nanny - INFO -         Start Nanny at: 'tcp://192.168.0.33:43159'

distributed.deploy.ssh - INFO - distributed.nanny - INFO -         Start Nanny at: 'tcp://192.168.0.33:42311'

distributed.deploy.ssh - INFO - distributed.nanny - INFO -         Start Nanny at: 'tcp://192.168.0.33:33931'

distributed.deploy.ssh - INFO - distributed.nanny - INFO -         Start Nanny at: 'tcp://192.168.0.33:46513'

distributed.deploy.ssh - INFO - distributed.nanny - INFO -         Start Nanny at: 'tcp://192.168.0.33:42831'

distributed.deploy.ssh - INFO - distributed.nanny - INFO -         Start Nanny at: 'tcp://192.168.0.33:42119'

distributed.deploy.ssh - INFO - distributed.nanny - INFO -         Start Nanny at: 'tcp://192.168.0.33:41999'

distributed.deploy.ssh - INFO - distributed.nanny - INFO -         Start Nanny at: 'tcp://192.168.0.11:39823'

distributed.deploy.ssh - INFO - distributed.nanny - INFO -         Start Nanny at: 'tcp://192.168.0.33:40029'

distributed.deploy.ssh - INFO - distributed.nanny - INFO -         Start Nanny at: 'tcp://192.168.0.33:33143'

distributed.deploy.ssh - INFO - distributed.nanny - INFO -         Start Nanny at: 'tcp://192.168.0.10:44559'

distributed.deploy.ssh - INFO - distributed.nanny - INFO -         Start Nanny at: 'tcp://192.168.0.33:33285'

distributed.deploy.ssh - INFO - distributed.nanny - INFO -         Start Nanny at: 'tcp://192.168.0.11:41425'

distributed.deploy.ssh - INFO - distributed.nanny - INFO -         Start Nanny at: 'tcp://192.168.0.11:36593'

distributed.deploy.ssh - INFO - distributed.nanny - INFO -         Start Nanny at: 'tcp://192.168.0.10:34983'

distributed.deploy.ssh - INFO - distributed.nanny - INFO -         Start Nanny at: 'tcp://192.168.0.11:33381'

distributed.deploy.ssh - INFO - distributed.nanny - INFO -         Start Nanny at: 'tcp://192.168.0.10:39941'

distributed.deploy.ssh - INFO - distributed.nanny - INFO -         Start Nanny at: 'tcp://192.168.0.33:41759'

distributed.deploy.ssh - INFO - distributed.nanny - INFO -         Start Nanny at: 'tcp://192.168.0.10:34147'

distributed.deploy.ssh - INFO - distributed.nanny - INFO -         Start Nanny at: 'tcp://192.168.0.11:43493'

distributed.deploy.ssh - INFO - distributed.nanny - INFO -         Start Nanny at: 'tcp://192.168.0.33:45931'

distributed.deploy.ssh - INFO - distributed.nanny - INFO -         Start Nanny at: 'tcp://192.168.0.10:44887'

distributed.deploy.ssh - INFO - distributed.nanny - INFO -         Start Nanny at: 'tcp://192.168.0.11:39723'

distributed.deploy.ssh - INFO - distributed.nanny - INFO -         Start Nanny at: 'tcp://192.168.0.33:40675'

distributed.deploy.ssh - INFO - distributed.nanny - INFO -         Start Nanny at: 'tcp://192.168.0.12:45433'

distributed.deploy.ssh - INFO - distributed.nanny - INFO -         Start Nanny at: 'tcp://192.168.0.10:36649'

distributed.deploy.ssh - INFO - distributed.nanny - INFO -         Start Nanny at: 'tcp://192.168.0.33:46455'

distributed.deploy.ssh - INFO - distributed.nanny - INFO -         Start Nanny at: 'tcp://192.168.0.12:33673'

distributed.deploy.ssh - INFO - distributed.nanny - INFO -         Start Nanny at: 'tcp://192.168.0.10:32999'

distributed.deploy.ssh - INFO - distributed.nanny - INFO -         Start Nanny at: 'tcp://192.168.0.12:36041'

distributed.deploy.ssh - INFO - distributed.nanny - INFO -         Start Nanny at: 'tcp://192.168.0.12:43253'

distributed.deploy.ssh - INFO - distributed.nanny - INFO -         Start Nanny at: 'tcp://192.168.0.11:39553'

distributed.deploy.ssh - INFO - distributed.nanny - INFO -         Start Nanny at: 'tcp://192.168.0.10:39945'

distributed.deploy.ssh - INFO - distributed.nanny - INFO -         Start Nanny at: 'tcp://192.168.0.11:37937'

distributed.deploy.ssh - INFO - distributed.nanny - INFO -         Start Nanny at: 'tcp://192.168.0.12:41921'

distributed.deploy.ssh - INFO - distributed.nanny - INFO -         Start Nanny at: 'tcp://192.168.0.11:34535'

distributed.deploy.ssh - INFO - distributed.nanny - INFO -         Start Nanny at: 'tcp://192.168.0.12:39663'

distributed.deploy.ssh - INFO - distributed.nanny - INFO -         Start Nanny at: 'tcp://192.168.0.10:44109'

distributed.deploy.ssh - INFO - distributed.nanny - INFO -         Start Nanny at: 'tcp://192.168.0.10:45117'

distributed.deploy.ssh - INFO - distributed.nanny - INFO -         Start Nanny at: 'tcp://192.168.0.33:33455'

distributed.deploy.ssh - INFO - distributed.nanny - INFO -         Start Nanny at: 'tcp://192.168.0.33:33009'

distributed.deploy.ssh - INFO - distributed.nanny - INFO -         Start Nanny at: 'tcp://192.168.0.33:34323'

distributed.deploy.ssh - INFO - distributed.nanny - INFO -         Start Nanny at: 'tcp://192.168.0.11:45639'

distributed.deploy.ssh - INFO - distributed.nanny - INFO -         Start Nanny at: 'tcp://192.168.0.33:34361'

distributed.deploy.ssh - INFO - distributed.nanny - INFO -         Start Nanny at: 'tcp://192.168.0.10:33829'

distributed.deploy.ssh - INFO - distributed.nanny - INFO -         Start Nanny at: 'tcp://192.168.0.10:34675'

distributed.deploy.ssh - INFO - distributed.nanny - INFO -         Start Nanny at: 'tcp://192.168.0.11:34709'

distributed.deploy.ssh - INFO - distributed.nanny - INFO -         Start Nanny at: 'tcp://192.168.0.11:32863'

distributed.deploy.ssh - INFO - distributed.nanny - INFO -         Start Nanny at: 'tcp://192.168.0.12:38793'

distributed.deploy.ssh - INFO - distributed.nanny - INFO -         Start Nanny at: 'tcp://192.168.0.10:44463'

distributed.deploy.ssh - INFO - distributed.nanny - INFO -         Start Nanny at: 'tcp://192.168.0.11:35351'

distributed.deploy.ssh - INFO - distributed.nanny - INFO -         Start Nanny at: 'tcp://192.168.0.33:40801'

distributed.deploy.ssh - INFO - distributed.nanny - INFO -         Start Nanny at: 'tcp://192.168.0.12:40195'

distributed.deploy.ssh - INFO - distributed.nanny - INFO -         Start Nanny at: 'tcp://192.168.0.10:38065'

distributed.deploy.ssh - INFO - distributed.nanny - INFO -         Start Nanny at: 'tcp://192.168.0.11:33575'

distributed.deploy.ssh - INFO - distributed.nanny - INFO -         Start Nanny at: 'tcp://192.168.0.10:46381'

distributed.deploy.ssh - INFO - distributed.nanny - INFO -         Start Nanny at: 'tcp://192.168.0.33:40895'

distributed.deploy.ssh - INFO - distributed.nanny - INFO -         Start Nanny at: 'tcp://192.168.0.12:38713'

distributed.deploy.ssh - INFO - distributed.nanny - INFO -         Start Nanny at: 'tcp://192.168.0.11:36707'

distributed.deploy.ssh - INFO - distributed.nanny - INFO -         Start Nanny at: 'tcp://192.168.0.12:35687'

distributed.deploy.ssh - INFO - distributed.nanny - INFO -         Start Nanny at: 'tcp://192.168.0.33:42101'

distributed.deploy.ssh - INFO - distributed.nanny - INFO -         Start Nanny at: 'tcp://192.168.0.10:36581'

distributed.deploy.ssh - INFO - distributed.nanny - INFO -         Start Nanny at: 'tcp://192.168.0.11:38769'

distributed.deploy.ssh - INFO - distributed.nanny - INFO -         Start Nanny at: 'tcp://192.168.0.33:39559'

distributed.deploy.ssh - INFO - distributed.nanny - INFO -         Start Nanny at: 'tcp://192.168.0.10:37727'

distributed.deploy.ssh - INFO - distributed.nanny - INFO -         Start Nanny at: 'tcp://192.168.0.11:41543'

distributed.deploy.ssh - INFO - distributed.nanny - INFO -         Start Nanny at: 'tcp://192.168.0.12:42533'

distributed.deploy.ssh - INFO - distributed.nanny - INFO -         Start Nanny at: 'tcp://192.168.0.33:42203'

distributed.deploy.ssh - INFO - distributed.nanny - INFO -         Start Nanny at: 'tcp://192.168.0.11:43433'

distributed.deploy.ssh - INFO - distributed.nanny - INFO -         Start Nanny at: 'tcp://192.168.0.12:45805'

distributed.deploy.ssh - INFO - distributed.nanny - INFO -         Start Nanny at: 'tcp://192.168.0.11:40783'

distributed.deploy.ssh - INFO - distributed.nanny - INFO -         Start Nanny at: 'tcp://192.168.0.12:43889'

distributed.deploy.ssh - INFO - distributed.nanny - INFO -         Start Nanny at: 'tcp://192.168.0.33:45001'

distributed.deploy.ssh - INFO - distributed.nanny - INFO -         Start Nanny at: 'tcp://192.168.0.10:44745'

distributed.deploy.ssh - INFO - distributed.nanny - INFO -         Start Nanny at: 'tcp://192.168.0.10:37889'

distributed.deploy.ssh - INFO - distributed.nanny - INFO -         Start Nanny at: 'tcp://192.168.0.11:44803'

distributed.deploy.ssh - INFO - distributed.nanny - INFO -         Start Nanny at: 'tcp://192.168.0.12:41029'

distributed.deploy.ssh - INFO - distributed.nanny - INFO -         Start Nanny at: 'tcp://192.168.0.10:44419'

distributed.deploy.ssh - INFO - distributed.nanny - INFO -         Start Nanny at: 'tcp://192.168.0.33:42099'

distributed.deploy.ssh - INFO - distributed.nanny - INFO -         Start Nanny at: 'tcp://192.168.0.12:45829'

distributed.deploy.ssh - INFO - distributed.nanny - INFO -         Start Nanny at: 'tcp://192.168.0.11:35705'

distributed.deploy.ssh - INFO - distributed.nanny - INFO -         Start Nanny at: 'tcp://192.168.0.10:43331'

distributed.deploy.ssh - INFO - distributed.nanny - INFO -         Start Nanny at: 'tcp://192.168.0.10:43317'

distributed.deploy.ssh - INFO - distributed.nanny - INFO -         Start Nanny at: 'tcp://192.168.0.12:39391'

distributed.deploy.ssh - INFO - distributed.nanny - INFO -         Start Nanny at: 'tcp://192.168.0.33:36215'

distributed.deploy.ssh - INFO - distributed.nanny - INFO -         Start Nanny at: 'tcp://192.168.0.11:41039'

distributed.deploy.ssh - INFO - distributed.nanny - INFO -         Start Nanny at: 'tcp://192.168.0.12:43773'

distributed.deploy.ssh - INFO - distributed.nanny - INFO -         Start Nanny at: 'tcp://192.168.0.10:39111'

distributed.deploy.ssh - INFO - distributed.nanny - INFO -         Start Nanny at: 'tcp://192.168.0.12:38179'

distributed.deploy.ssh - INFO - distributed.nanny - INFO -         Start Nanny at: 'tcp://192.168.0.11:43549'

distributed.deploy.ssh - INFO - distributed.nanny - INFO -         Start Nanny at: 'tcp://192.168.0.33:39185'

distributed.deploy.ssh - INFO - distributed.nanny - INFO -         Start Nanny at: 'tcp://192.168.0.12:45345'

distributed.deploy.ssh - INFO - distributed.nanny - INFO -         Start Nanny at: 'tcp://192.168.0.10:38239'

distributed.deploy.ssh - INFO - distributed.nanny - INFO -         Start Nanny at: 'tcp://192.168.0.11:40277'

distributed.deploy.ssh - INFO - distributed.nanny - INFO -         Start Nanny at: 'tcp://192.168.0.33:45309'

distributed.deploy.ssh - INFO - distributed.nanny - INFO -         Start Nanny at: 'tcp://192.168.0.10:41611'

distributed.deploy.ssh - INFO - distributed.nanny - INFO -         Start Nanny at: 'tcp://192.168.0.12:40601'

distributed.deploy.ssh - INFO - distributed.nanny - INFO -         Start Nanny at: 'tcp://192.168.0.11:33259'

distributed.deploy.ssh - INFO - distributed.nanny - INFO -         Start Nanny at: 'tcp://192.168.0.12:43507'

distributed.deploy.ssh - INFO - distributed.nanny - INFO -         Start Nanny at: 'tcp://192.168.0.33:40241'

distributed.deploy.ssh - INFO - distributed.nanny - INFO -         Start Nanny at: 'tcp://192.168.0.33:36109'

distributed.deploy.ssh - INFO - distributed.nanny - INFO -         Start Nanny at: 'tcp://192.168.0.12:38803'

distributed.deploy.ssh - INFO - distributed.nanny - INFO -         Start Nanny at: 'tcp://192.168.0.10:44475'

distributed.deploy.ssh - INFO - distributed.nanny - INFO -         Start Nanny at: 'tcp://192.168.0.12:33487'

distributed.deploy.ssh - INFO - distributed.nanny - INFO -         Start Nanny at: 'tcp://192.168.0.11:45621'

distributed.deploy.ssh - INFO - distributed.nanny - INFO -         Start Nanny at: 'tcp://192.168.0.10:44617'

distributed.deploy.ssh - INFO - distributed.nanny - INFO -         Start Nanny at: 'tcp://192.168.0.10:44691'

distributed.deploy.ssh - INFO - distributed.nanny - INFO -         Start Nanny at: 'tcp://192.168.0.12:42525'

distributed.deploy.ssh - INFO - distributed.nanny - INFO -         Start Nanny at: 'tcp://192.168.0.11:46761'

distributed.deploy.ssh - INFO - distributed.nanny - INFO -         Start Nanny at: 'tcp://192.168.0.10:39759'

distributed.deploy.ssh - INFO - distributed.nanny - INFO -         Start Nanny at: 'tcp://192.168.0.11:42351'

distributed.deploy.ssh - INFO - distributed.nanny - INFO -         Start Nanny at: 'tcp://192.168.0.12:34793'

distributed.deploy.ssh - INFO - distributed.nanny - INFO -         Start Nanny at: 'tcp://192.168.0.10:45087'

distributed.deploy.ssh - INFO - distributed.nanny - INFO -         Start Nanny at: 'tcp://192.168.0.11:34785'

distributed.deploy.ssh - INFO - distributed.nanny - INFO -         Start Nanny at: 'tcp://192.168.0.10:42703'

distributed.deploy.ssh - INFO - distributed.nanny - INFO -         Start Nanny at: 'tcp://192.168.0.11:38581'

distributed.deploy.ssh - INFO - distributed.nanny - INFO -         Start Nanny at: 'tcp://192.168.0.12:45131'

distributed.deploy.ssh - INFO - distributed.nanny - INFO -         Start Nanny at: 'tcp://192.168.0.10:43727'

distributed.deploy.ssh - INFO - distributed.nanny - INFO -         Start Nanny at: 'tcp://192.168.0.11:32791'

distributed.deploy.ssh - INFO - distributed.nanny - INFO -         Start Nanny at: 'tcp://192.168.0.10:37393'

distributed.deploy.ssh - INFO - distributed.nanny - INFO -         Start Nanny at: 'tcp://192.168.0.12:45299'

distributed.deploy.ssh - INFO - distributed.nanny - INFO -         Start Nanny at: 'tcp://192.168.0.11:33257'

distributed.deploy.ssh - INFO - distributed.nanny - INFO -         Start Nanny at: 'tcp://192.168.0.12:34125'

distributed.deploy.ssh - INFO - distributed.nanny - INFO -         Start Nanny at: 'tcp://192.168.0.10:41623'

distributed.deploy.ssh - INFO - distributed.nanny - INFO -         Start Nanny at: 'tcp://192.168.0.11:36641'

distributed.deploy.ssh - INFO - distributed.nanny - INFO -         Start Nanny at: 'tcp://192.168.0.11:37989'

distributed.deploy.ssh - INFO - distributed.nanny - INFO -         Start Nanny at: 'tcp://192.168.0.11:45475'

distributed.deploy.ssh - INFO - distributed.nanny - INFO -         Start Nanny at: 'tcp://192.168.0.12:45513'

distributed.deploy.ssh - INFO - distributed.nanny - INFO -         Start Nanny at: 'tcp://192.168.0.10:36477'

distributed.deploy.ssh - INFO - distributed.nanny - INFO -         Start Nanny at: 'tcp://192.168.0.12:36157'

distributed.deploy.ssh - INFO - distributed.nanny - INFO -         Start Nanny at: 'tcp://192.168.0.10:40875'

distributed.deploy.ssh - INFO - distributed.nanny - INFO -         Start Nanny at: 'tcp://192.168.0.10:39645'

distributed.deploy.ssh - INFO - distributed.nanny - INFO -         Start Nanny at: 'tcp://192.168.0.11:40489'

distributed.deploy.ssh - INFO - distributed.nanny - INFO -         Start Nanny at: 'tcp://192.168.0.10:35661'

distributed.deploy.ssh - INFO - distributed.nanny - INFO -         Start Nanny at: 'tcp://192.168.0.12:34945'

distributed.deploy.ssh - INFO - distributed.nanny - INFO -         Start Nanny at: 'tcp://192.168.0.11:46759'

distributed.deploy.ssh - INFO - distributed.nanny - INFO -         Start Nanny at: 'tcp://192.168.0.10:40667'

distributed.deploy.ssh - INFO - distributed.nanny - INFO -         Start Nanny at: 'tcp://192.168.0.12:38589'

distributed.deploy.ssh - INFO - distributed.nanny - INFO -         Start Nanny at: 'tcp://192.168.0.12:43925'

distributed.deploy.ssh - INFO - distributed.nanny - INFO -         Start Nanny at: 'tcp://192.168.0.11:36249'

distributed.deploy.ssh - INFO - distributed.nanny - INFO -         Start Nanny at: 'tcp://192.168.0.10:44035'

distributed.deploy.ssh - INFO - distributed.nanny - INFO -         Start Nanny at: 'tcp://192.168.0.11:35761'

distributed.deploy.ssh - INFO - distributed.nanny - INFO -         Start Nanny at: 'tcp://192.168.0.12:41545'

distributed.deploy.ssh - INFO - distributed.nanny - INFO -         Start Nanny at: 'tcp://192.168.0.11:37441'

distributed.deploy.ssh - INFO - distributed.nanny - INFO -         Start Nanny at: 'tcp://192.168.0.12:44917'

distributed.deploy.ssh - INFO - distributed.nanny - INFO -         Start Nanny at: 'tcp://192.168.0.12:33251'

distributed.deploy.ssh - INFO - distributed.nanny - INFO -         Start Nanny at: 'tcp://192.168.0.12:44737'

distributed.deploy.ssh - INFO - distributed.nanny - INFO -         Start Nanny at: 'tcp://192.168.0.12:34541'

distributed.deploy.ssh - INFO - distributed.nanny - INFO -         Start Nanny at: 'tcp://192.168.0.12:34099'

distributed.deploy.ssh - INFO - distributed.nanny - INFO -         Start Nanny at: 'tcp://192.168.0.12:33641'

distributed.deploy.ssh - INFO - distributed.worker - INFO -       Start worker at:   tcp://192.168.0.11:40115

distributed.deploy.ssh - INFO - distributed.worker - INFO -       Start worker at:   tcp://192.168.0.10:33169

distributed.deploy.ssh - INFO - distributed.worker - INFO -       Start worker at:   tcp://192.168.0.12:35757

distributed.deploy.ssh - INFO - distributed.worker - INFO -       Start worker at:   tcp://192.168.0.33:35979

distributed.worker - INFO - cluster properties: htcondor_cluster_setup {'processing_engine': 'unmanaged_cluster', 'cores': 20, 'memory': '6GB', 'disk': '0.1GB', 'local_directory': '/tmp', 'logs_directory': '/date/sl/fish_rawdata/JJEXP20221004_EEL_SL040BE_S1/logs', 'adaptive': True, 'maximum_jobs': 15, 'scheduler_port': 36352, 'dashboard_port': 25399, 'scheduler_address': 'localhost', 'workers_addresses_list': ['monod10', 'monod11', 'monod12', 'monod33'], 'nprocs': 40, 'nthreads': 1} 

distributed.worker - INFO - Started unmanaged cluster

distributed.worker - INFO - selected functions for eel-human-GBM

distributed.worker - INFO - loaded ROBOFISH2_dark_img dark image

Kernel died while waiting for execute reply.
Ending Cell 9------------------------------------------
Traceback (most recent call last):
  File "/home/simone/mini/envs/test_d_seg/lib/python3.8/site-packages/nbclient/client.py", line 846, in async_execute_cell
    exec_reply = await self.task_poll_for_reply
asyncio.exceptions.CancelledError

During handling of the above exception, another exception occurred:

Traceback (most recent call last):
  File "/home/simone/mini/envs/test_d_seg/lib/python3.8/site-packages/papermill/cli.py", line 250, in papermill
    execute_notebook(
  File "/home/simone/mini/envs/test_d_seg/lib/python3.8/site-packages/papermill/execute.py", line 107, in execute_notebook
    nb = papermill_engines.execute_notebook_with_engine(
  File "/home/simone/mini/envs/test_d_seg/lib/python3.8/site-packages/papermill/engines.py", line 49, in execute_notebook_with_engine
    return self.get_engine(engine_name).execute_notebook(nb, kernel_name, **kwargs)
  File "/home/simone/mini/envs/test_d_seg/lib/python3.8/site-packages/papermill/engines.py", line 343, in execute_notebook
    cls.execute_managed_notebook(nb_man, kernel_name, log_output=log_output, **kwargs)
  File "/home/simone/mini/envs/test_d_seg/lib/python3.8/site-packages/papermill/engines.py", line 402, in execute_managed_notebook
    return PapermillNotebookClient(nb_man, **final_kwargs).execute()
  File "/home/simone/mini/envs/test_d_seg/lib/python3.8/site-packages/papermill/clientwrap.py", line 45, in execute
    self.papermill_execute_cells()
  File "/home/simone/mini/envs/test_d_seg/lib/python3.8/site-packages/papermill/clientwrap.py", line 72, in papermill_execute_cells
    self.execute_cell(cell, index)
  File "/home/simone/mini/envs/test_d_seg/lib/python3.8/site-packages/nbclient/util.py", line 78, in wrapped
    return just_run(coro(*args, **kwargs))
  File "/home/simone/mini/envs/test_d_seg/lib/python3.8/site-packages/nbclient/util.py", line 57, in just_run
    return loop.run_until_complete(coro)
  File "/home/simone/mini/envs/test_d_seg/lib/python3.8/asyncio/base_events.py", line 616, in run_until_complete
    return future.result()
  File "/home/simone/mini/envs/test_d_seg/lib/python3.8/site-packages/nbclient/client.py", line 850, in async_execute_cell
    raise DeadKernelError("Kernel died")
nbclient.exceptions.DeadKernelError: Kernel died
